<?xml version="1.0" encoding="UTF-8"?>
<!-- Generated by org.testng.reporters.JUnitXMLReporter -->
<testsuite ignored="7" hostname="LAPTOP-E736NDKH" failures="0" tests="2" name="Test" time="14.415" errors="0" timestamp="2025-02-06T20:59:58 IST">
  <testcase classname="Test_script.Amazon_testcases" name="TC09" time="3.173"/>
  <testcase classname="Test_script.Amazon_testcases" name="TC09" time="3.487"/>
  <testcase classname="Test_script.Amazon_testcases" name="TC03" time="0.0">
    <ignored/>
  </testcase> <!-- TC03 -->
  <testcase classname="Test_script.Amazon_testcases" name="TC04" time="0.0">
    <ignored/>
  </testcase> <!-- TC04 -->
  <testcase classname="Test_script.Amazon_testcases" name="TC02" time="0.0">
    <ignored/>
  </testcase> <!-- TC02 -->
  <testcase classname="Test_script.Amazon_testcases" name="TC07" time="0.0">
    <ignored/>
  </testcase> <!-- TC07 -->
  <testcase classname="Test_script.Amazon_testcases" name="TC08" time="0.0">
    <ignored/>
  </testcase> <!-- TC08 -->
  <testcase classname="Test_script.Amazon_testcases" name="TC05" time="0.0">
    <ignored/>
  </testcase> <!-- TC05 -->
  <testcase classname="Test_script.Amazon_testcases" name="TC06" time="0.0">
    <ignored/>
  </testcase> <!-- TC06 -->
</testsuite> <!-- Test -->
