<?xml version="1.0" encoding="UTF-8"?>
<testng-results ignored="0" total="2" passed="2" failed="0" skipped="0">
  <reporter-output>
  </reporter-output>
  <suite started-at="2025-02-06T20:59:43 IST" name="Suite" finished-at="2025-02-06T20:59:58 IST" duration-ms="14415">
    <groups>
    </groups>
    <test started-at="2025-02-06T20:59:43 IST" name="Test" finished-at="2025-02-06T20:59:58 IST" duration-ms="14415">
      <class name="Test_script.Amazon_testcases">
        <test-method is-config="true" signature="beforeSuite()[pri:0, instance:Test_script.Amazon_testcases@3e27ba32]" started-at="2025-02-06T20:59:43 IST" name="beforeSuite" finished-at="2025-02-06T20:59:43 IST" duration-ms="36" status="PASS">
          <reporter-output>
          </reporter-output>
        </test-method> <!-- beforeSuite -->
        <test-method is-config="true" signature="beforetest()[pri:0, instance:Test_script.Amazon_testcases@3e27ba32]" started-at="2025-02-06T20:59:43 IST" name="beforetest" finished-at="2025-02-06T20:59:43 IST" duration-ms="1" status="PASS">
          <reporter-output>
          </reporter-output>
        </test-method> <!-- beforetest -->
        <test-method is-config="true" signature="beforeclass()[pri:0, instance:Test_script.Amazon_testcases@3e27ba32]" started-at="2025-02-06T20:59:43 IST" name="beforeclass" finished-at="2025-02-06T20:59:43 IST" duration-ms="0" status="PASS">
          <reporter-output>
          </reporter-output>
        </test-method> <!-- beforeclass -->
        <test-method is-config="true" signature="browserInitialization(java.lang.String)[pri:0, instance:Test_script.Amazon_testcases@3e27ba32]" started-at="2025-02-06T20:59:43 IST" name="browserInitialization" finished-at="2025-02-06T20:59:48 IST" duration-ms="5108" status="PASS">
          <params>
            <param index="0">
              <value>
                <![CDATA[Chrome]]>
              </value>
            </param>
          </params>
          <reporter-output>
          </reporter-output>
        </test-method> <!-- browserInitialization -->
        <test-method signature="TC09(java.lang.String,java.lang.String)[pri:0, instance:Test_script.Amazon_testcases@3e27ba32]" started-at="2025-02-06T20:59:48 IST" name="TC09" data-provider="testDatas" finished-at="2025-02-06T20:59:52 IST" duration-ms="3173" status="PASS">
          <params>
            <param index="0">
              <value>
                <![CDATA[10]]>
              </value>
            </param>
            <param index="1">
              <value>
                <![CDATA[5]]>
              </value>
            </param>
          </params>
          <reporter-output>
          </reporter-output>
        </test-method> <!-- TC09 -->
        <test-method is-config="true" signature="aftermethod()[pri:0, instance:Test_script.Amazon_testcases@3e27ba32]" started-at="2025-02-06T20:59:52 IST" name="aftermethod" finished-at="2025-02-06T20:59:52 IST" duration-ms="2" status="PASS">
          <reporter-output>
          </reporter-output>
        </test-method> <!-- aftermethod -->
        <test-method is-config="true" signature="browserInitialization(java.lang.String)[pri:0, instance:Test_script.Amazon_testcases@3e27ba32]" started-at="2025-02-06T20:59:52 IST" name="browserInitialization" finished-at="2025-02-06T20:59:54 IST" duration-ms="2517" status="PASS">
          <params>
            <param index="0">
              <value>
                <![CDATA[Chrome]]>
              </value>
            </param>
          </params>
          <reporter-output>
          </reporter-output>
        </test-method> <!-- browserInitialization -->
        <test-method signature="TC09(java.lang.String,java.lang.String)[pri:0, instance:Test_script.Amazon_testcases@3e27ba32]" started-at="2025-02-06T20:59:54 IST" name="TC09" data-provider="testDatas" finished-at="2025-02-06T20:59:58 IST" duration-ms="3487" status="PASS">
          <params>
            <param index="0">
              <value>
                <![CDATA[15]]>
              </value>
            </param>
            <param index="1">
              <value>
                <![CDATA[20]]>
              </value>
            </param>
          </params>
          <reporter-output>
          </reporter-output>
        </test-method> <!-- TC09 -->
        <test-method is-config="true" signature="aftermethod()[pri:0, instance:Test_script.Amazon_testcases@3e27ba32]" started-at="2025-02-06T20:59:58 IST" name="aftermethod" finished-at="2025-02-06T20:59:58 IST" duration-ms="0" status="PASS">
          <reporter-output>
          </reporter-output>
        </test-method> <!-- aftermethod -->
        <test-method is-config="true" signature="afterclass()[pri:0, instance:Test_script.Amazon_testcases@3e27ba32]" started-at="2025-02-06T20:59:58 IST" name="afterclass" finished-at="2025-02-06T20:59:58 IST" duration-ms="0" status="PASS">
          <reporter-output>
          </reporter-output>
        </test-method> <!-- afterclass -->
        <test-method is-config="true" signature="aftertest()[pri:0, instance:Test_script.Amazon_testcases@3e27ba32]" started-at="2025-02-06T20:59:58 IST" name="aftertest" finished-at="2025-02-06T20:59:58 IST" duration-ms="1" status="PASS">
          <reporter-output>
          </reporter-output>
        </test-method> <!-- aftertest -->
        <test-method is-config="true" signature="afterSuite()[pri:0, instance:Test_script.Amazon_testcases@3e27ba32]" started-at="2025-02-06T20:59:58 IST" name="afterSuite" finished-at="2025-02-06T20:59:58 IST" duration-ms="2" status="PASS">
          <reporter-output>
          </reporter-output>
        </test-method> <!-- afterSuite -->
      </class> <!-- Test_script.Amazon_testcases -->
    </test> <!-- Test -->
  </suite> <!-- Suite -->
</testng-results>
